ReadMe.txt
ReadMw.txt
MidWare.txt
midware_logo.gif
ZipMidWa.lst
ZipMidWa.bat
Delphi\MidWare\Midware.hlp
Delphi\MidWare\Midware.cnt
Delphi\MidWare\MWSample.bpg
Delphi\MidWare\BioLife.dpr
Delphi\MidWare\BioLife1.dfm
Delphi\MidWare\BioLife1.pas
Delphi\MidWare\ChatCli.dpr
Delphi\MidWare\ChatCli.ico
Delphi\MidWare\ChatCli1.pas
Delphi\MidWare\ChatCli1.dfm
Delphi\MidWare\ChatSrv.dpr
Delphi\MidWare\ChatSrv.ico
Delphi\MidWare\ChatSrv1.pas
Delphi\MidWare\ChatSrv1.dfm
Delphi\MidWare\Clients.dbf
Delphi\MidWare\Clients.mdx
Delphi\MidWare\Clients.dbt
Delphi\MidWare\CliTst.dpr
Delphi\MidWare\CliTst1.pas
Delphi\MidWare\CliTst1.dfm
Delphi\MidWare\BufTst.dpr
Delphi\MidWare\BufTst1.pas
Delphi\MidWare\BufTst1.dfm
Delphi\MidWare\TblTst.dpr
Delphi\MidWare\TblTst1.pas
Delphi\MidWare\TblTst1.dfm
Delphi\MidWare\TblDemo.dpr
Delphi\MidWare\TblDemo1.pas
Delphi\MidWare\TblDemo1.dfm
Delphi\MidWare\SrvTst1.pas
Delphi\MidWare\SrvTst1.dfm
Delphi\MidWare\SrvTst.dpr
Delphi\MidWare\SrvTst2.pas
Delphi\MidWare\Srv1Tst1.pas
Delphi\MidWare\Srv1Tst1.dfm
Delphi\MidWare\Srv1Tst.dpr
Delphi\MidWare\Srv1Tst2.pas
Delphi\MidWare\Cipher.pas
Delphi\MidWare\CipherLz.pas
Delphi\MidWare\SObjSql.pas
Delphi\MidWare\SObjSql.dcr
Delphi\MidWare\SObjThrd.pas
Delphi\MidWare\SObjThrd.dcr
Delphi\MidWare\SrvObj1.pas
Delphi\MidWare\SrvObj2.pas
Delphi\MidWare\SrvObj3.pas
Delphi\MidWare\SrvObj4.pas
Delphi\MidWare\SrvObj5.pas
Delphi\MidWare\SrvObj6.pas
Delphi\MidWare\SrvObj7.pas
Delphi\MidWare\SrvObj8.pas
Delphi\MidWare\SrvObj9.pas
Delphi\MidWare\SrvObj10.pas
Delphi\MidWare\SObjSQL.pas
Delphi\MidWare\SrvDemo.dpr
Delphi\MidWare\SrvDemo1.pas
Delphi\MidWare\SrvDemo1.dfm
Delphi\MidWare\MwDel40.bpg
Delphi\MidWare\MwDel50.bpg
Delphi\MidWare\MwDel60.bpg
Delphi\vc32\lzh.pas
Delphi\vc32\MwDel30.dpk
Delphi\vc32\MwDel30.res
Delphi\vc32\MwDel40.dpk
Delphi\vc32\MwDel40.res
Delphi\vc32\MwDel50.dpk
Delphi\vc32\MwDel50.res
Delphi\vc32\MwDel60.dpk
Delphi\vc32\MwDel60.res
Delphi\vc32\MwBcb30.bpk
Delphi\vc32\MwBcb30.cpp
Delphi\vc32\MwBcb40.bpk
Delphi\vc32\MwBcb40.cpp
Delphi\vc32\MwBcb50.bpk
Delphi\vc32\MwBcb50.cpp
Delphi\vc32\MwBcb60.bpk
Delphi\vc32\MwBcb60.cpp
Delphi\vc32\WSocket.pas
Delphi\vc32\WSocket.dcr
Delphi\vc32\Wait.pas
Delphi\vc32\Wait.dcr
Delphi\vc32\ApsCli.pas
Delphi\vc32\ApsCli.dcr
Delphi\vc32\ApSrvCli.pas
Delphi\vc32\ApSrvCli.dcr
Delphi\vc32\WSockBuf.pas
Delphi\vc32\ApServer.pas
Delphi\vc32\ApServer.dcr
Delphi\vc32\RBroker.pas
Delphi\vc32\RBroker.dcr
Delphi\vc32\RFormat.pas
Delphi\vc32\RFormat.dcr
Delphi\vc32\MWDatSet.pas
Delphi\vc32\MWDatSet.dcr
Delphi\vc32\TrackDS.pas
Delphi\vc32\TrackDS.dcr
Delphi\vc32\LOProp.pas
Delphi\vc32\LOProp.dfm
Delphi\vc32\LOPropIm.pas
Delphi\vc32\LOPropIm.dfm
Delphi\vc32\PrmProp.pas
Delphi\vc32\PrmProp.dfm
Cpp\Midware\Bcb3\MwBcb30.bpg
Cpp\Midware\Bcb4\MwBcb40.bpg
Cpp\Midware\Bcb5\MwBcb50.bpg
Cpp\Midware\Bcb6\MwBcb60.bpg
Cpp\Midware\BioLife1.dfm
Cpp\Midware\BioLife1.cpp
Cpp\Midware\BioLife1.h
Cpp\Midware\Bcb3\BioLife.cpp
Cpp\Midware\Bcb3\BioLife.bpr
Cpp\Midware\Bcb4\BioLife.cpp
Cpp\Midware\Bcb4\BioLife.bpr
Cpp\Midware\Bcb5\BioLife.cpp
Cpp\Midware\Bcb5\BioLife.bpr
Cpp\Midware\Bcb6\BioLife.cpp
Cpp\Midware\Bcb6\BioLife.bpr
Cpp\Midware\BufTst1.dfm
Cpp\Midware\BufTst1.cpp
Cpp\Midware\BufTst1.h
Cpp\Midware\Bcb3\BufTst.bpr
Cpp\Midware\Bcb3\BufTst.cpp
Cpp\Midware\Bcb4\BufTst.bpr
Cpp\Midware\Bcb4\BufTst.cpp
Cpp\Midware\Bcb5\BufTst.bpr
Cpp\Midware\Bcb5\BufTst.cpp
Cpp\Midware\Bcb6\BufTst.bpr
Cpp\Midware\Bcb6\BufTst.cpp
Cpp\Midware\ChatCli1.dfm
Cpp\Midware\ChatCli1.cpp
Cpp\Midware\ChatCli1.h
Cpp\Midware\Bcb3\ChatCli.bpr
Cpp\Midware\Bcb3\ChatCli.cpp
Cpp\Midware\Bcb4\ChatCli.bpr
Cpp\Midware\Bcb4\ChatCli.cpp
Cpp\Midware\Bcb5\ChatCli.bpr
Cpp\Midware\Bcb5\ChatCli.cpp
Cpp\Midware\Bcb6\ChatCli.bpr
Cpp\Midware\Bcb6\ChatCli.cpp
Cpp\Midware\ChatCli.ico
Cpp\Midware\ChatSrv1.dfm
Cpp\Midware\ChatSrv1.cpp
Cpp\Midware\ChatSrv1.h
Cpp\Midware\Bcb3\ChatSrv.bpr
Cpp\Midware\Bcb3\ChatSrv.cpp
Cpp\Midware\Bcb4\ChatSrv.bpr
Cpp\Midware\Bcb4\ChatSrv.cpp
Cpp\Midware\Bcb5\ChatSrv.bpr
Cpp\Midware\Bcb5\ChatSrv.cpp
Cpp\Midware\Bcb6\ChatSrv.bpr
Cpp\Midware\Bcb6\ChatSrv.cpp
Cpp\Midware\ChatSrv.ico
Cpp\Midware\CliTst1.dfm
Cpp\Midware\CliTst1.cpp
Cpp\Midware\CliTst1.h
Cpp\Midware\Bcb4\CliTst.bpr
Cpp\Midware\Bcb4\CliTst.cpp
Cpp\Midware\Bcb3\CliTst.bpr
Cpp\Midware\Bcb3\CliTst.cpp
Cpp\Midware\Bcb4\CliTst.bpr
Cpp\Midware\Bcb4\CliTst.cpp
Cpp\Midware\Bcb5\CliTst.bpr
Cpp\Midware\Bcb5\CliTst.cpp
Cpp\Midware\Bcb6\CliTst.bpr
Cpp\Midware\Bcb6\CliTst.cpp
Cpp\Midware\SrvTst1.dfm
Cpp\Midware\SrvTst1.cpp
Cpp\Midware\SrvTst1.h
Cpp\Midware\SrvTst2.h
Cpp\Midware\Bcb3\SrvTst.bpr
Cpp\Midware\Bcb3\SrvTst.cpp
Cpp\Midware\Bcb4\SrvTst.bpr
Cpp\Midware\Bcb4\SrvTst.cpp
Cpp\Midware\Bcb5\SrvTst.bpr
Cpp\Midware\Bcb5\SrvTst.cpp
Cpp\Midware\Bcb6\SrvTst.bpr
Cpp\Midware\Bcb6\SrvTst.cpp
Cpp\Midware\SrvDemo1.dfm
Cpp\Midware\SrvDemo1.cpp
Cpp\Midware\SrvDemo1.h
Cpp\Midware\Bcb3\SvrDemo.cpp
Cpp\Midware\Bcb3\SvrDemo.bpr
Cpp\Midware\Bcb4\SvrDemo.cpp
Cpp\Midware\Bcb4\SvrDemo.bpr
Cpp\Midware\Bcb5\SvrDemo.cpp
Cpp\Midware\Bcb5\SvrDemo.bpr
Cpp\Midware\Bcb6\SvrDemo.cpp
Cpp\Midware\Bcb6\SvrDemo.bpr
Cpp\Midware\TblTst1.dfm
Cpp\Midware\TblTst1.cpp
Cpp\Midware\TblTst1.h
Cpp\Midware\Bcb3\TblTst.bpr
Cpp\Midware\Bcb3\TblTst.cpp
Cpp\Midware\Bcb4\TblTst.bpr
Cpp\Midware\Bcb4\TblTst.cpp
Cpp\Midware\Bcb5\TblTst.bpr
Cpp\Midware\Bcb5\TblTst.cpp
Cpp\Midware\Bcb6\TblTst.bpr
Cpp\Midware\Bcb6\TblTst.cpp
Cpp\Midware\SrvObj1.cpp
Cpp\Midware\SrvObj1.h
Cpp\Midware\SrvObj2.cpp
Cpp\Midware\SrvObj2.h
Cpp\Midware\SrvObj3.cpp
Cpp\Midware\SrvObj3.h
Cpp\Midware\SrvObj4.cpp
Cpp\Midware\SrvObj4.h
Cpp\Midware\SrvObj5.cpp
Cpp\Midware\SrvObj5.h
Cpp\Midware\SObjSql.cpp
Cpp\Midware\SObjSql.h
Cpp\Midware\SObjThrd.cpp
Cpp\Midware\SObjThrd.h
Cpp\Midware\Cipher.cpp
Cpp\Midware\Cipher.h
